-------------------------------------------------------------------------------
Test set: TestSuite
-------------------------------------------------------------------------------
Tests run: 4, Failures: 1, Errors: 0, Skipped: 0, Time elapsed: 4.736 s <<< FAILURE! - in TestSuite
getLoginAPI(HolofyAPIs.AppLogin)  Time elapsed: 1.916 s  <<< FAILURE!
java.lang.AssertionError: 
1 expectation failed.
Expected status code <200> but was <400>.

	at HolofyAPIs.AppLogin.getLoginAPI(AppLogin.java:48)

